0 info it worked if it ends with ok
1 verbose cli [ 'c:\\Program Files (x86)\\nodejs\\node.exe',
1 verbose cli   'c:\\Program Files (x86)\\nodejs\\node_modules\\npm\\bin\\npm-cli.js',
1 verbose cli   'install',
1 verbose cli   '-g',
1 verbose cli   'n' ]
2 info using npm@1.3.2
3 info using node@v0.10.13
4 verbose cache add [ 'n', null ]
5 verbose cache add name=undefined spec="n" args=["n",null]
6 verbose parsed url { protocol: null,
6 verbose parsed url   slashes: null,
6 verbose parsed url   auth: null,
6 verbose parsed url   host: null,
6 verbose parsed url   port: null,
6 verbose parsed url   hostname: null,
6 verbose parsed url   hash: null,
6 verbose parsed url   search: null,
6 verbose parsed url   query: null,
6 verbose parsed url   pathname: 'n',
6 verbose parsed url   path: 'n',
6 verbose parsed url   href: 'n' }
7 silly lockFile d1854cae-n n
8 verbose lock n C:\Users\simone.sacchi.NUBILARIA-EU\AppData\Roaming\npm-cache\d1854cae-n.lock
9 silly lockFile d1854cae-n n
10 silly lockFile d1854cae-n n
11 verbose addNamed [ 'n', '' ]
12 verbose addNamed [ null, '*' ]
13 silly lockFile 6b58d7dc-n n@
14 verbose lock n@ C:\Users\simone.sacchi.NUBILARIA-EU\AppData\Roaming\npm-cache\6b58d7dc-n.lock
15 silly addNameRange { name: 'n', range: '*', hasData: false }
16 verbose url raw n
17 verbose url resolving [ 'https://registry.npmjs.org/', './n' ]
18 verbose url resolved https://registry.npmjs.org/n
19 info trying registry request attempt 1 at 09:26:06
20 http GET https://registry.npmjs.org/n
21 http 200 https://registry.npmjs.org/n
22 silly registry.get cb [ 200,
22 silly registry.get   { server: 'CouchDB/1.5.0 (Erlang OTP/R16B03)',
22 silly registry.get     etag: '"4L7CF5ZWXLMK80HSPXTJA915V"',
22 silly registry.get     'content-type': 'application/json',
22 silly registry.get     'cache-control': 'max-age=60',
22 silly registry.get     'content-length': '52262',
22 silly registry.get     'accept-ranges': 'bytes',
22 silly registry.get     date: 'Fri, 06 Nov 2015 08:20:42 GMT',
22 silly registry.get     via: '1.1 varnish',
22 silly registry.get     age: '0',
22 silly registry.get     connection: 'keep-alive',
22 silly registry.get     'x-served-by': 'cache-lhr6321-LHR',
22 silly registry.get     'x-cache': 'MISS',
22 silly registry.get     'x-cache-hits': '0',
22 silly registry.get     'x-timer': 'S1446798042.828740,VS0,VE164',
22 silly registry.get     vary: 'Accept' } ]
23 silly addNameRange number 2 { name: 'n', range: '*', hasData: true }
24 silly addNameRange versions [ 'n',
24 silly addNameRange   [ '0.0.1',
24 silly addNameRange     '0.0.2',
24 silly addNameRange     '0.0.3',
24 silly addNameRange     '0.0.4',
24 silly addNameRange     '0.1.0',
24 silly addNameRange     '0.1.1',
24 silly addNameRange     '0.1.2',
24 silly addNameRange     '0.2.0',
24 silly addNameRange     '0.2.1',
24 silly addNameRange     '0.2.2',
24 silly addNameRange     '0.3.0',
24 silly addNameRange     '0.4.0',
24 silly addNameRange     '0.4.1',
24 silly addNameRange     '0.4.2',
24 silly addNameRange     '0.5.0',
24 silly addNameRange     '0.5.1',
24 silly addNameRange     '0.5.2',
24 silly addNameRange     '0.5.3',
24 silly addNameRange     '0.5.4',
24 silly addNameRange     '0.6.0',
24 silly addNameRange     '0.6.1',
24 silly addNameRange     '0.7.0',
24 silly addNameRange     '0.7.1',
24 silly addNameRange     '0.7.2',
24 silly addNameRange     '0.7.3',
24 silly addNameRange     '0.8.0',
24 silly addNameRange     '0.8.1',
24 silly addNameRange     '0.8.2',
24 silly addNameRange     '0.9.0',
24 silly addNameRange     '0.9.1',
24 silly addNameRange     '0.9.2',
24 silly addNameRange     '0.9.3',
24 silly addNameRange     '1.0.0',
24 silly addNameRange     '1.1.0',
24 silly addNameRange     '1.2.1',
24 silly addNameRange     '1.2.2',
24 silly addNameRange     '1.2.3',
24 silly addNameRange     '1.2.4',
24 silly addNameRange     '1.2.5',
24 silly addNameRange     '1.2.6',
24 silly addNameRange     '1.2.7',
24 silly addNameRange     '1.2.8',
24 silly addNameRange     '1.2.9',
24 silly addNameRange     '1.2.11',
24 silly addNameRange     '1.2.13',
24 silly addNameRange     '1.2.14',
24 silly addNameRange     '1.3.0',
24 silly addNameRange     '1.4.0',
24 silly addNameRange     '2.0.0',
24 silly addNameRange     '1.4.1',
24 silly addNameRange     '2.0.1',
24 silly addNameRange     '1.4.2',
24 silly addNameRange     '2.0.2' ] ]
25 verbose addNamed [ 'n', '2.0.2' ]
26 verbose addNamed [ '2.0.2', '2.0.2' ]
27 silly lockFile ed42822e-n-2-0-2 n@2.0.2
28 verbose lock n@2.0.2 C:\Users\simone.sacchi.NUBILARIA-EU\AppData\Roaming\npm-cache\ed42822e-n-2-0-2.lock
29 silly lockFile 3690f7ba-registry-npmjs-org-n-n-2-0-2-tgz https://registry.npmjs.org/n/-/n-2.0.2.tgz
30 verbose lock https://registry.npmjs.org/n/-/n-2.0.2.tgz C:\Users\simone.sacchi.NUBILARIA-EU\AppData\Roaming\npm-cache\3690f7ba-registry-npmjs-org-n-n-2-0-2-tgz.lock
31 verbose addRemoteTarball [ 'https://registry.npmjs.org/n/-/n-2.0.2.tgz',
31 verbose addRemoteTarball   '1d132d1e33c8687bae54313792626e7878bd5f57' ]
32 info retry fetch attempt 1 at 09:26:06
33 verbose fetch to= C:\Users\SIMONE~1.NUB\AppData\Local\Temp\npm-5408\1446798366845-0.46303625078871846\tmp.tgz
34 http GET https://registry.npmjs.org/n/-/n-2.0.2.tgz
35 http 200 https://registry.npmjs.org/n/-/n-2.0.2.tgz
36 verbose tar unpack C:\Users\SIMONE~1.NUB\AppData\Local\Temp\npm-5408\1446798366845-0.46303625078871846\tmp.tgz
37 silly lockFile e50e5218-6845-0-46303625078871846-package tar://C:\Users\SIMONE~1.NUB\AppData\Local\Temp\npm-5408\1446798366845-0.46303625078871846\package
38 verbose lock tar://C:\Users\SIMONE~1.NUB\AppData\Local\Temp\npm-5408\1446798366845-0.46303625078871846\package C:\Users\simone.sacchi.NUBILARIA-EU\AppData\Roaming\npm-cache\e50e5218-6845-0-46303625078871846-package.lock
39 silly lockFile 2c03e56f-6845-0-46303625078871846-tmp-tgz tar://C:\Users\SIMONE~1.NUB\AppData\Local\Temp\npm-5408\1446798366845-0.46303625078871846\tmp.tgz
40 verbose lock tar://C:\Users\SIMONE~1.NUB\AppData\Local\Temp\npm-5408\1446798366845-0.46303625078871846\tmp.tgz C:\Users\simone.sacchi.NUBILARIA-EU\AppData\Roaming\npm-cache\2c03e56f-6845-0-46303625078871846-tmp-tgz.lock
41 silly gunzTarPerm modes [ '755', '644' ]
42 silly gunzTarPerm extractEntry package.json
43 silly gunzTarPerm extractEntry Makefile
44 silly gunzTarPerm extractEntry Readme.md
45 silly gunzTarPerm extractEntry bin/n
46 silly lockFile e50e5218-6845-0-46303625078871846-package tar://C:\Users\SIMONE~1.NUB\AppData\Local\Temp\npm-5408\1446798366845-0.46303625078871846\package
47 silly lockFile e50e5218-6845-0-46303625078871846-package tar://C:\Users\SIMONE~1.NUB\AppData\Local\Temp\npm-5408\1446798366845-0.46303625078871846\package
48 silly lockFile 2c03e56f-6845-0-46303625078871846-tmp-tgz tar://C:\Users\SIMONE~1.NUB\AppData\Local\Temp\npm-5408\1446798366845-0.46303625078871846\tmp.tgz
49 silly lockFile 2c03e56f-6845-0-46303625078871846-tmp-tgz tar://C:\Users\SIMONE~1.NUB\AppData\Local\Temp\npm-5408\1446798366845-0.46303625078871846\tmp.tgz
50 verbose tar pack [ 'C:\\Users\\simone.sacchi.NUBILARIA-EU\\AppData\\Roaming\\npm-cache\\n\\2.0.2\\package.tgz',
50 verbose tar pack   'C:\\Users\\SIMONE~1.NUB\\AppData\\Local\\Temp\\npm-5408\\1446798366845-0.46303625078871846\\package' ]
51 verbose tarball C:\Users\simone.sacchi.NUBILARIA-EU\AppData\Roaming\npm-cache\n\2.0.2\package.tgz
52 verbose folder C:\Users\SIMONE~1.NUB\AppData\Local\Temp\npm-5408\1446798366845-0.46303625078871846\package
53 silly lockFile e50e5218-6845-0-46303625078871846-package tar://C:\Users\SIMONE~1.NUB\AppData\Local\Temp\npm-5408\1446798366845-0.46303625078871846\package
54 verbose lock tar://C:\Users\SIMONE~1.NUB\AppData\Local\Temp\npm-5408\1446798366845-0.46303625078871846\package C:\Users\simone.sacchi.NUBILARIA-EU\AppData\Roaming\npm-cache\e50e5218-6845-0-46303625078871846-package.lock
55 silly lockFile f9d709f5-ng-npm-cache-n-2-0-2-package-tgz tar://C:\Users\simone.sacchi.NUBILARIA-EU\AppData\Roaming\npm-cache\n\2.0.2\package.tgz
56 verbose lock tar://C:\Users\simone.sacchi.NUBILARIA-EU\AppData\Roaming\npm-cache\n\2.0.2\package.tgz C:\Users\simone.sacchi.NUBILARIA-EU\AppData\Roaming\npm-cache\f9d709f5-ng-npm-cache-n-2-0-2-package-tgz.lock
57 silly lockFile e50e5218-6845-0-46303625078871846-package tar://C:\Users\SIMONE~1.NUB\AppData\Local\Temp\npm-5408\1446798366845-0.46303625078871846\package
58 silly lockFile e50e5218-6845-0-46303625078871846-package tar://C:\Users\SIMONE~1.NUB\AppData\Local\Temp\npm-5408\1446798366845-0.46303625078871846\package
59 silly lockFile f9d709f5-ng-npm-cache-n-2-0-2-package-tgz tar://C:\Users\simone.sacchi.NUBILARIA-EU\AppData\Roaming\npm-cache\n\2.0.2\package.tgz
60 silly lockFile f9d709f5-ng-npm-cache-n-2-0-2-package-tgz tar://C:\Users\simone.sacchi.NUBILARIA-EU\AppData\Roaming\npm-cache\n\2.0.2\package.tgz
61 silly lockFile 49a8f1b2-oaming-npm-cache-n-2-0-2-package C:\Users\simone.sacchi.NUBILARIA-EU\AppData\Roaming\npm-cache\n\2.0.2\package
62 verbose lock C:\Users\simone.sacchi.NUBILARIA-EU\AppData\Roaming\npm-cache\n\2.0.2\package C:\Users\simone.sacchi.NUBILARIA-EU\AppData\Roaming\npm-cache\49a8f1b2-oaming-npm-cache-n-2-0-2-package.lock
63 silly lockFile 49a8f1b2-oaming-npm-cache-n-2-0-2-package C:\Users\simone.sacchi.NUBILARIA-EU\AppData\Roaming\npm-cache\n\2.0.2\package
64 silly lockFile 49a8f1b2-oaming-npm-cache-n-2-0-2-package C:\Users\simone.sacchi.NUBILARIA-EU\AppData\Roaming\npm-cache\n\2.0.2\package
65 verbose tar unpack C:\Users\simone.sacchi.NUBILARIA-EU\AppData\Roaming\npm-cache\n\2.0.2\package.tgz
66 silly lockFile 25b2e0ea-oaming-npm-cache-n-2-0-2-package tar://C:\Users\simone.sacchi.NUBILARIA-EU\AppData\Roaming\npm-cache\n\2.0.2\package
67 verbose lock tar://C:\Users\simone.sacchi.NUBILARIA-EU\AppData\Roaming\npm-cache\n\2.0.2\package C:\Users\simone.sacchi.NUBILARIA-EU\AppData\Roaming\npm-cache\25b2e0ea-oaming-npm-cache-n-2-0-2-package.lock
68 silly lockFile f9d709f5-ng-npm-cache-n-2-0-2-package-tgz tar://C:\Users\simone.sacchi.NUBILARIA-EU\AppData\Roaming\npm-cache\n\2.0.2\package.tgz
69 verbose lock tar://C:\Users\simone.sacchi.NUBILARIA-EU\AppData\Roaming\npm-cache\n\2.0.2\package.tgz C:\Users\simone.sacchi.NUBILARIA-EU\AppData\Roaming\npm-cache\f9d709f5-ng-npm-cache-n-2-0-2-package-tgz.lock
70 silly gunzTarPerm modes [ '755', '644' ]
71 silly gunzTarPerm extractEntry package.json
72 silly gunzTarPerm modified mode [ 'package.json', 438, 420 ]
73 silly gunzTarPerm extractEntry bin/n
74 silly gunzTarPerm modified mode [ 'bin/n', 438, 420 ]
75 silly gunzTarPerm extractEntry Makefile
76 silly gunzTarPerm modified mode [ 'Makefile', 438, 420 ]
77 silly gunzTarPerm extractEntry Readme.md
78 silly gunzTarPerm modified mode [ 'Readme.md', 438, 420 ]
79 silly lockFile 25b2e0ea-oaming-npm-cache-n-2-0-2-package tar://C:\Users\simone.sacchi.NUBILARIA-EU\AppData\Roaming\npm-cache\n\2.0.2\package
80 silly lockFile 25b2e0ea-oaming-npm-cache-n-2-0-2-package tar://C:\Users\simone.sacchi.NUBILARIA-EU\AppData\Roaming\npm-cache\n\2.0.2\package
81 silly lockFile f9d709f5-ng-npm-cache-n-2-0-2-package-tgz tar://C:\Users\simone.sacchi.NUBILARIA-EU\AppData\Roaming\npm-cache\n\2.0.2\package.tgz
82 silly lockFile f9d709f5-ng-npm-cache-n-2-0-2-package-tgz tar://C:\Users\simone.sacchi.NUBILARIA-EU\AppData\Roaming\npm-cache\n\2.0.2\package.tgz
83 verbose chmod C:\Users\simone.sacchi.NUBILARIA-EU\AppData\Roaming\npm-cache\n\2.0.2\package.tgz 644
84 silly chown skipping for windows C:\Users\simone.sacchi.NUBILARIA-EU\AppData\Roaming\npm-cache\n\2.0.2\package.tgz
85 silly lockFile 3690f7ba-registry-npmjs-org-n-n-2-0-2-tgz https://registry.npmjs.org/n/-/n-2.0.2.tgz
86 silly lockFile 3690f7ba-registry-npmjs-org-n-n-2-0-2-tgz https://registry.npmjs.org/n/-/n-2.0.2.tgz
87 silly lockFile ed42822e-n-2-0-2 n@2.0.2
88 silly lockFile ed42822e-n-2-0-2 n@2.0.2
89 silly lockFile 6b58d7dc-n n@
90 silly lockFile 6b58d7dc-n n@
91 silly resolved [ { name: 'n',
91 silly resolved     description: 'node version manager',
91 silly resolved     version: '2.0.2',
91 silly resolved     author: { name: 'TJ Holowaychuk', email: 'tj@vision-media.ca' },
91 silly resolved     homepage: 'https://github.com/tj/n',
91 silly resolved     bugs: { url: 'https://github.com/tj/n/issues' },
91 silly resolved     contributors: [ [Object] ],
91 silly resolved     keywords:
91 silly resolved      [ 'nvm',
91 silly resolved        'node',
91 silly resolved        'version',
91 silly resolved        'manager',
91 silly resolved        'switcher',
91 silly resolved        'node',
91 silly resolved        'binary',
91 silly resolved        'env' ],
91 silly resolved     bin: { n: './bin/n' },
91 silly resolved     repository: { type: 'git', url: 'git://github.com/tj/n.git' },
91 silly resolved     preferGlobal: true,
91 silly resolved     os: [ '!win32' ],
91 silly resolved     engines: { node: '*' },
91 silly resolved     license: 'MIT',
91 silly resolved     readme: '# n\n\n[![Join the chat at https://gitter.im/tj/n](https://badges.gitter.im/Join%20Chat.svg)](https://gitter.im/tj/n?utm_source=badge&utm_medium=badge&utm_campaign=pr-badge&utm_content=badge)\n\nSimple flavour of node/iojs binary management, no subshells, no profile setup, no convoluted api, just _simple_.\n\n*Note: Does not work on Windows at the moment. Pull Requests are appreciated.*   \n*If you are searching for the latest version below 2.x.x, check out the branch "1.x.x"*\n\n ![](https://i.cloudup.com/59cA8VEDae.gif)\n\n## Installation\n\nWith node/iojs already installed:\n\n    $ npm install -g n\n\nor, by cloning this repo and running:\n\n    $ make install\n\nto install `n` to subdirectory `bin/n` of the directory specified in environment variable `PREFIX`, which defaults to `/usr/local` (note that you will likely need `sudo` to install there).  \nTo change the default to, say, `$HOME`, i.e., to install `n` to `$HOME/bin/n`, run `PREFIX=$HOME make install`.  \n\nOnce installed, `n` downloads node/iojs versions to subdirectory `n/versions` of the directory specified in environment variable `N_PREFIX`, which defaults to `/usr/local`; the _active_ node/iojs version is installed directly in `N_PREFIX`.  \nTo change the default to, say, `$HOME`, prefix later calls to `n` with `N_PREFIX=$HOME ` or add `export N_PREFIX=$HOME` to your shell initialization file.\n\nAlternatively, consider third-party installer [n-install](https://github.com/mklement0/n-install), which allows installation directly from GitHub; for instance,\n\n    curl -L http://git.io/n-install | bash\n\nsets both `PREFIX` and `N_PREFIX` to `$HOME/n`, installs `n` to `$HOME/n/bin`, modifies the initialization files of supported shells to export `N_PREFIX` and add `$HOME/n/bin` to the `PATH`, and installs the latest stable node version.  \nAs a result, both `n` itself and all node/iojs versions it manages are hosted inside a single, optionally configurable directory, which you can later remove with the included `n-uninstall` script; script `n-update` updates `n` itself to the latest version - see the [n-install repo](https://github.com/mklement0/n-install) for details.\n\n### Installing Binaries\n\nInstall a few nodes:\n\n    $ n 0.8.14\n    $ n 0.8.17\n    $ n 0.9.6\n\nType `n` to prompt selection of an installed node. Use the up /\ndown arrow to navigate, and press enter or the right arrow to\nselect, or ^C to cancel:\n\n    $ n\n\n      0.8.14\n    ο 0.8.17\n      0.9.6\n\nUse or install the latest official release:\n\n    $ n latest\n\nUse or install the stable official release:\n\n    $ n stable\n\n### Removing Binaries\n\nRemove some versions:\n\n    $ n rm 0.9.4 v0.10.0\n\nInstead of using `rm` we can simply use `-`:\n\n    $ n - 0.9.4\n\n### Binary Usage\n\nWhen running multiple versions of node, we can target\nthem directly by asking `n` for the binary path:\n\n    $ n bin 0.9.4\n    /usr/local/n/versions/0.9.4/bin/node\n\nOr by using a specific version through `n`\'s `use` sub-command:\n\n    $ n use 0.9.4 some.js\n\nwith flags:\n\n    $ n as 0.9.4 --debug some.js\n\n### Different Architectures\n\nBy default `n` picks the binaries matching your system architecture, e.g. `n` will download 64 bit binaries for a 64 bit system. You can override this by using the `-a` or `--arch` option.\n\nDownload and use latest 32 bit version of node:\n\n    $ n --arch x86 latest\n\nDownload and use latest 32 bit version of iojs:\n\n    $ n io --arch x86 latest\n\n\n## Usage\n\n Output from `n --help`:\n\n    Usage: n [options/env] [COMMAND] [args]\n\n    Environments:\n     n [COMMAND] [args]            Uses default env (node)\n     n io [COMMAND]                Sets env as io\n\n    Commands:\n\n      n                              Output versions installed\n      n latest                       Install or activate the latest node release\n      n -a x86 latest                As above but force 32 bit architecture\n      n stable                       Install or activate the latest stable node release\n      n <version>                    Install node <version>\n      n use <version> [args ...]     Execute node <version> with [args ...]\n      n bin <version>                Output bin path for <version>\n      n rm <version ...>             Remove the given version(s)\n      n --latest                     Output the latest node version available\n      n --stable                     Output the latest stable node version available\n      n ls                           Output the versions of node available\n\n    (iojs):\n\n      n io latest                    Install or activate the latest iojs release\n      n io -a x86 latest             As above but force 32 bit architecture\n      n io <version>                 Install iojs <version>\n      n io use <version> [args ...]  Execute iojs <version> with [args ...]\n      n io bin <version>             Output bin path for <version>\n      n io rm <version ...>          Remove the given version(s)\n      n io --latest                  Output the latest iojs version available\n      n io ls                        Output the versions of iojs available\n\n    Options:\n\n      -V, --version   Output current version of n\n      -h, --help      Display help information\n      -q, --quiet     Disable curl output (if available)\n      -d, --download  Download only\n      -a, --arch      Override system architecture\n\n    Aliases:\n\n      which   bin\n      use     as\n      list    ls\n      -       rm\n\n## Details\n\n `n` by default installs node to _/usr/local/n/versions_, from\n which it can see what you have currently installed, and activate previously installed versions of node when `n <version>` is invoked again.\n\n Activated nodes are then installed to the prefix _/usr/local_, which of course may be altered via the __N_PREFIX__ environment variable.\n\n To alter where `n` operates simply export __N_PREFIX__ to whatever you prefer.\n\n## License\n\n(The MIT License)\n\nCopyright (c) 2014 TJ Holowaychuk &lt;tj@vision-media.ca&gt;\n\nPermission is hereby granted, free of charge, to any person obtaining\na copy of this software and associated documentation files (the\n\'Software\'), to deal in the Software without restriction, including\nwithout limitation the rights to use, copy, modify, merge, publish,\ndistribute, sublicense, and/or sell copies of the Software, and to\npermit persons to whom the Software is furnished to do so, subject to\nthe following conditions:\n\nThe above copyright notice and this permission notice shall be\nincluded in all copies or substantial portions of the Software.\n\nTHE SOFTWARE IS PROVIDED \'AS IS\', WITHOUT WARRANTY OF ANY KIND,\nEXPRESS OR IMPLIED, INCLUDING BUT NOT LIMITED TO THE WARRANTIES OF\nMERCHANTABILITY, FITNESS FOR A PARTICULAR PURPOSE AND NONINFRINGEMENT.\nIN NO EVENT SHALL THE AUTHORS OR COPYRIGHT HOLDERS BE LIABLE FOR ANY\nCLAIM, DAMAGES OR OTHER LIABILITY, WHETHER IN AN ACTION OF CONTRACT,\nTORT OR OTHERWISE, ARISING FROM, OUT OF OR IN CONNECTION WITH THE\nSOFTWARE OR THE USE OR OTHER DEALINGS IN THE SOFTWARE.\n',
91 silly resolved     readmeFilename: 'Readme.md',
91 silly resolved     _id: 'n@2.0.2',
91 silly resolved     dist: { shasum: '8d007e7ed107fba748de11e1f98597c6dc9e1fa4' },
91 silly resolved     _from: 'n@',
91 silly resolved     _resolved: 'https://registry.npmjs.org/n/-/n-2.0.2.tgz' } ]
92 info install n@2.0.2 into C:\Users\simone.sacchi.NUBILARIA-EU\AppData\Roaming\npm
93 info installOne n@2.0.2
94 error notsup Unsupported
94 error notsup Not compatible with your operating system or architecture: n@2.0.2
94 error notsup Valid OS:    !win32
94 error notsup Valid Arch:  any
94 error notsup Actual OS:   win32
94 error notsup Actual Arch: ia32
95 error System Windows_NT 6.2.9200
96 error command "c:\\Program Files (x86)\\nodejs\\node.exe" "c:\\Program Files (x86)\\nodejs\\node_modules\\npm\\bin\\npm-cli.js" "install" "-g" "n"
97 error cwd c:\wamp\www\botticelli-simone.sacchi\test\MOOC
98 error node -v v0.10.13
99 error npm -v 1.3.2
100 error code EBADPLATFORM
101 verbose exit [ 1, true ]
