0 info it worked if it ends with ok
1 verbose cli [ 'c:\\Program Files (x86)\\nodejs\\node.exe',
1 verbose cli   'c:\\Program Files (x86)\\nodejs\\node_modules\\npm\\bin\\npm-cli.js',
1 verbose cli   'install',
1 verbose cli   '--save',
1 verbose cli   'rx' ]
2 info using npm@1.3.2
3 info using node@v0.10.13
4 error Error: Invalid name: "MOOC"
4 error     at ensureValidName (c:\Program Files (x86)\nodejs\node_modules\npm\node_modules\read-package-json\node_modules\normalize-package-data\lib\fixer.js:281:15)
4 error     at Object.module.exports.fixNameField (c:\Program Files (x86)\nodejs\node_modules\npm\node_modules\read-package-json\node_modules\normalize-package-data\lib\fixer.js:196:5)
4 error     at c:\Program Files (x86)\nodejs\node_modules\npm\node_modules\read-package-json\node_modules\normalize-package-data\lib\normalize.js:29:38
4 error     at Array.forEach (native)
4 error     at normalize (c:\Program Files (x86)\nodejs\node_modules\npm\node_modules\read-package-json\node_modules\normalize-package-data\lib\normalize.js:28:15)
4 error     at final (c:\Program Files (x86)\nodejs\node_modules\npm\node_modules\read-package-json\read-json.js:310:33)
4 error     at then (c:\Program Files (x86)\nodejs\node_modules\npm\node_modules\read-package-json\read-json.js:124:33)
4 error     at c:\Program Files (x86)\nodejs\node_modules\npm\node_modules\read-package-json\read-json.js:299:40
4 error     at fs.js:266:14
4 error     at Object.oncomplete (fs.js:107:15)
5 error If you need help, you may report this log at:
5 error     <http://github.com/isaacs/npm/issues>
5 error or email it to:
5 error     <npm-@googlegroups.com>
6 error System Windows_NT 6.2.9200
7 error command "c:\\Program Files (x86)\\nodejs\\node.exe" "c:\\Program Files (x86)\\nodejs\\node_modules\\npm\\bin\\npm-cli.js" "install" "--save" "rx"
8 error cwd c:\wamp\www\botticelli-simone.sacchi\test\MOOC\Asynchronous-Programming-in-JavaScript(FrontendMaster-2015)
9 error node -v v0.10.13
10 error npm -v 1.3.2
11 verbose exit [ 1, true ]
